<?xml version="1.0" encoding="UTF-8"?>
<testsuite xmlns:xsi="http://www.w3.org/2001/XMLSchema-instance" xsi:noNamespaceSchemaLocation="https://maven.apache.org/surefire/maven-surefire-plugin/xsd/surefire-test-report.xsd" name="com.niit.test.UserDetailTestCase" time="0.673" tests="1" errors="1" skipped="0" failures="0">
  <properties>
    <property name="sun.desktop" value="windows"/>
    <property name="awt.toolkit" value="sun.awt.windows.WToolkit"/>
    <property name="file.encoding.pkg" value="sun.io"/>
    <property name="java.specification.version" value="1.8"/>
    <property name="sun.cpu.isalist" value="amd64"/>
    <property name="sun.jnu.encoding" value="Cp1252"/>
    <property name="java.class.path" value="D:\Workspace\New folder\EkartBackend\target\test-classes;D:\Workspace\New folder\EkartBackend\target\classes;C:\Users\Gaurav\.m2\repository\org\springframework\spring-orm\4.2.4.RELEASE\spring-orm-4.2.4.RELEASE.jar;C:\Users\Gaurav\.m2\repository\org\springframework\spring-beans\4.2.4.RELEASE\spring-beans-4.2.4.RELEASE.jar;C:\Users\Gaurav\.m2\repository\org\springframework\spring-core\4.2.4.RELEASE\spring-core-4.2.4.RELEASE.jar;C:\Users\Gaurav\.m2\repository\commons-logging\commons-logging\1.2\commons-logging-1.2.jar;C:\Users\Gaurav\.m2\repository\org\springframework\spring-jdbc\4.2.4.RELEASE\spring-jdbc-4.2.4.RELEASE.jar;C:\Users\Gaurav\.m2\repository\org\springframework\spring-tx\4.2.4.RELEASE\spring-tx-4.2.4.RELEASE.jar;C:\Users\Gaurav\.m2\repository\org\springframework\spring-context\4.2.4.RELEASE\spring-context-4.2.4.RELEASE.jar;C:\Users\Gaurav\.m2\repository\org\springframework\spring-aop\4.2.4.RELEASE\spring-aop-4.2.4.RELEASE.jar;C:\Users\Gaurav\.m2\repository\aopalliance\aopalliance\1.0\aopalliance-1.0.jar;C:\Users\Gaurav\.m2\repository\org\springframework\spring-expression\4.2.4.RELEASE\spring-expression-4.2.4.RELEASE.jar;C:\Users\Gaurav\.m2\repository\org\springframework\spring-web\4.2.4.RELEASE\spring-web-4.2.4.RELEASE.jar;C:\Users\Gaurav\.m2\repository\org\springframework\spring-webmvc\4.2.4.RELEASE\spring-webmvc-4.2.4.RELEASE.jar;C:\Users\Gaurav\.m2\repository\org\hibernate\hibernate-core\5.3.7.Final\hibernate-core-5.3.7.Final.jar;C:\Users\Gaurav\.m2\repository\org\jboss\logging\jboss-logging\3.3.2.Final\jboss-logging-3.3.2.Final.jar;C:\Users\Gaurav\.m2\repository\javax\persistence\javax.persistence-api\2.2\javax.persistence-api-2.2.jar;C:\Users\Gaurav\.m2\repository\org\javassist\javassist\3.23.1-GA\javassist-3.23.1-GA.jar;C:\Users\Gaurav\.m2\repository\net\bytebuddy\byte-buddy\1.8.17\byte-buddy-1.8.17.jar;C:\Users\Gaurav\.m2\repository\antlr\antlr\2.7.7\antlr-2.7.7.jar;C:\Users\Gaurav\.m2\repository\org\jboss\spec\javax\transaction\jboss-transaction-api_1.2_spec\1.1.1.Final\jboss-transaction-api_1.2_spec-1.1.1.Final.jar;C:\Users\Gaurav\.m2\repository\org\jboss\jandex\2.0.5.Final\jandex-2.0.5.Final.jar;C:\Users\Gaurav\.m2\repository\com\fasterxml\classmate\1.3.4\classmate-1.3.4.jar;C:\Users\Gaurav\.m2\repository\javax\activation\javax.activation-api\1.2.0\javax.activation-api-1.2.0.jar;C:\Users\Gaurav\.m2\repository\org\dom4j\dom4j\2.1.1\dom4j-2.1.1.jar;C:\Users\Gaurav\.m2\repository\org\hibernate\common\hibernate-commons-annotations\5.0.4.Final\hibernate-commons-annotations-5.0.4.Final.jar;C:\Users\Gaurav\.m2\repository\com\h2database\h2\1.4.197\h2-1.4.197.jar;C:\Users\Gaurav\.m2\repository\junit\junit\4.11\junit-4.11.jar;C:\Users\Gaurav\.m2\repository\org\hamcrest\hamcrest-core\1.3\hamcrest-core-1.3.jar;"/>
    <property name="java.vm.vendor" value="Oracle Corporation"/>
    <property name="sun.arch.data.model" value="64"/>
    <property name="user.variant" value=""/>
    <property name="java.vendor.url" value="http://java.oracle.com/"/>
    <property name="user.timezone" value=""/>
    <property name="java.vm.specification.version" value="1.8"/>
    <property name="os.name" value="Windows 10"/>
    <property name="user.country" value="US"/>
    <property name="sun.java.launcher" value="SUN_STANDARD"/>
    <property name="sun.boot.library.path" value="C:\Program Files\Java\jdk1.8.0_181\jre\bin"/>
    <property name="sun.java.command" value="C:\Users\Gaurav\AppData\Local\Temp\surefire3135963050271481939\surefirebooter5073943233681102001.jar C:\Users\Gaurav\AppData\Local\Temp\surefire3135963050271481939 2018-12-12T12-39-42_685-jvmRun1 surefire2766920136997692555tmp surefire_07988321547222222480tmp"/>
    <property name="surefire.test.class.path" value="D:\Workspace\New folder\EkartBackend\target\test-classes;D:\Workspace\New folder\EkartBackend\target\classes;C:\Users\Gaurav\.m2\repository\org\springframework\spring-orm\4.2.4.RELEASE\spring-orm-4.2.4.RELEASE.jar;C:\Users\Gaurav\.m2\repository\org\springframework\spring-beans\4.2.4.RELEASE\spring-beans-4.2.4.RELEASE.jar;C:\Users\Gaurav\.m2\repository\org\springframework\spring-core\4.2.4.RELEASE\spring-core-4.2.4.RELEASE.jar;C:\Users\Gaurav\.m2\repository\commons-logging\commons-logging\1.2\commons-logging-1.2.jar;C:\Users\Gaurav\.m2\repository\org\springframework\spring-jdbc\4.2.4.RELEASE\spring-jdbc-4.2.4.RELEASE.jar;C:\Users\Gaurav\.m2\repository\org\springframework\spring-tx\4.2.4.RELEASE\spring-tx-4.2.4.RELEASE.jar;C:\Users\Gaurav\.m2\repository\org\springframework\spring-context\4.2.4.RELEASE\spring-context-4.2.4.RELEASE.jar;C:\Users\Gaurav\.m2\repository\org\springframework\spring-aop\4.2.4.RELEASE\spring-aop-4.2.4.RELEASE.jar;C:\Users\Gaurav\.m2\repository\aopalliance\aopalliance\1.0\aopalliance-1.0.jar;C:\Users\Gaurav\.m2\repository\org\springframework\spring-expression\4.2.4.RELEASE\spring-expression-4.2.4.RELEASE.jar;C:\Users\Gaurav\.m2\repository\org\springframework\spring-web\4.2.4.RELEASE\spring-web-4.2.4.RELEASE.jar;C:\Users\Gaurav\.m2\repository\org\springframework\spring-webmvc\4.2.4.RELEASE\spring-webmvc-4.2.4.RELEASE.jar;C:\Users\Gaurav\.m2\repository\org\hibernate\hibernate-core\5.3.7.Final\hibernate-core-5.3.7.Final.jar;C:\Users\Gaurav\.m2\repository\org\jboss\logging\jboss-logging\3.3.2.Final\jboss-logging-3.3.2.Final.jar;C:\Users\Gaurav\.m2\repository\javax\persistence\javax.persistence-api\2.2\javax.persistence-api-2.2.jar;C:\Users\Gaurav\.m2\repository\org\javassist\javassist\3.23.1-GA\javassist-3.23.1-GA.jar;C:\Users\Gaurav\.m2\repository\net\bytebuddy\byte-buddy\1.8.17\byte-buddy-1.8.17.jar;C:\Users\Gaurav\.m2\repository\antlr\antlr\2.7.7\antlr-2.7.7.jar;C:\Users\Gaurav\.m2\repository\org\jboss\spec\javax\transaction\jboss-transaction-api_1.2_spec\1.1.1.Final\jboss-transaction-api_1.2_spec-1.1.1.Final.jar;C:\Users\Gaurav\.m2\repository\org\jboss\jandex\2.0.5.Final\jandex-2.0.5.Final.jar;C:\Users\Gaurav\.m2\repository\com\fasterxml\classmate\1.3.4\classmate-1.3.4.jar;C:\Users\Gaurav\.m2\repository\javax\activation\javax.activation-api\1.2.0\javax.activation-api-1.2.0.jar;C:\Users\Gaurav\.m2\repository\org\dom4j\dom4j\2.1.1\dom4j-2.1.1.jar;C:\Users\Gaurav\.m2\repository\org\hibernate\common\hibernate-commons-annotations\5.0.4.Final\hibernate-commons-annotations-5.0.4.Final.jar;C:\Users\Gaurav\.m2\repository\com\h2database\h2\1.4.197\h2-1.4.197.jar;C:\Users\Gaurav\.m2\repository\junit\junit\4.11\junit-4.11.jar;C:\Users\Gaurav\.m2\repository\org\hamcrest\hamcrest-core\1.3\hamcrest-core-1.3.jar;"/>
    <property name="sun.cpu.endian" value="little"/>
    <property name="user.home" value="C:\Users\Gaurav"/>
    <property name="user.language" value="en"/>
    <property name="java.specification.vendor" value="Oracle Corporation"/>
    <property name="java.home" value="C:\Program Files\Java\jdk1.8.0_181\jre"/>
    <property name="basedir" value="D:\Workspace\New folder\EkartBackend"/>
    <property name="file.separator" value="\"/>
    <property name="line.separator" value="&#10;"/>
    <property name="java.vm.specification.vendor" value="Oracle Corporation"/>
    <property name="java.specification.name" value="Java Platform API Specification"/>
    <property name="java.awt.graphicsenv" value="sun.awt.Win32GraphicsEnvironment"/>
    <property name="surefire.real.class.path" value="C:\Users\Gaurav\AppData\Local\Temp\surefire3135963050271481939\surefirebooter5073943233681102001.jar"/>
    <property name="sun.boot.class.path" value="C:\Program Files\Java\jdk1.8.0_181\jre\lib\resources.jar;C:\Program Files\Java\jdk1.8.0_181\jre\lib\rt.jar;C:\Program Files\Java\jdk1.8.0_181\jre\lib\sunrsasign.jar;C:\Program Files\Java\jdk1.8.0_181\jre\lib\jsse.jar;C:\Program Files\Java\jdk1.8.0_181\jre\lib\jce.jar;C:\Program Files\Java\jdk1.8.0_181\jre\lib\charsets.jar;C:\Program Files\Java\jdk1.8.0_181\jre\lib\jfr.jar;C:\Program Files\Java\jdk1.8.0_181\jre\classes"/>
    <property name="user.script" value=""/>
    <property name="sun.management.compiler" value="HotSpot 64-Bit Tiered Compilers"/>
    <property name="java.runtime.version" value="1.8.0_181-b13"/>
    <property name="user.name" value="Gaurav"/>
    <property name="path.separator" value=";"/>
    <property name="os.version" value="10.0"/>
    <property name="java.endorsed.dirs" value="C:\Program Files\Java\jdk1.8.0_181\jre\lib\endorsed"/>
    <property name="java.runtime.name" value="Java(TM) SE Runtime Environment"/>
    <property name="file.encoding" value="Cp1252"/>
    <property name="java.vm.name" value="Java HotSpot(TM) 64-Bit Server VM"/>
    <property name="localRepository" value="C:\Users\Gaurav\.m2\repository"/>
    <property name="java.vendor.url.bug" value="http://bugreport.sun.com/bugreport/"/>
    <property name="java.io.tmpdir" value="C:\Users\Gaurav\AppData\Local\Temp\"/>
    <property name="java.version" value="1.8.0_181"/>
    <property name="user.dir" value="D:\Workspace\New folder\EkartBackend"/>
    <property name="os.arch" value="amd64"/>
    <property name="java.vm.specification.name" value="Java Virtual Machine Specification"/>
    <property name="java.awt.printerjob" value="sun.awt.windows.WPrinterJob"/>
    <property name="sun.os.patch.level" value=""/>
    <property name="java.library.path" value="C:\Program Files\Java\jdk1.8.0_181\jre\bin;C:\WINDOWS\Sun\Java\bin;C:\WINDOWS\system32;C:\WINDOWS;C:/Program Files/Java/jre1.8.0_181/bin/server;C:/Program Files/Java/jre1.8.0_181/bin;C:/Program Files/Java/jre1.8.0_181/lib/amd64;&quot;C:\Program Files (x86)\Common Files\Oracle\Java\javapath;C:\Program Files\Java\jre1.8.0_181\bin;&quot;;C:\ProgramData\Oracle\Java\javapath;C:\Program Files (x86)\Intel\iCLS Client\;C:\Program Files\Intel\iCLS Client\;C:\WINDOWS\system32;C:\WINDOWS;C:\WINDOWS\System32\Wbem;C:\WINDOWS\System32\WindowsPowerShell\v1.0\;C:\Program Files (x86)\Intel\Intel(R) Management Engine Components\DAL;C:\Program Files\Intel\Intel(R) Management Engine Components\DAL;C:\Program Files (x86)\Intel\Intel(R) Management Engine Components\IPT;C:\Program Files\Intel\Intel(R) Management Engine Components\IPT;C:\Program Files\Java\jdk1.8.0_181\bin;;C:\Users\Gaurav\Desktop\Eclipse win 64 bit\eclipse;;."/>
    <property name="java.vm.info" value="mixed mode"/>
    <property name="java.vendor" value="Oracle Corporation"/>
    <property name="java.vm.version" value="25.181-b13"/>
    <property name="java.ext.dirs" value="C:\Program Files\Java\jdk1.8.0_181\jre\lib\ext;C:\WINDOWS\Sun\Java\lib\ext"/>
    <property name="sun.io.unicode.encoding" value="UnicodeLittle"/>
    <property name="java.class.version" value="52.0"/>
  </properties>
  <testcase name="registerUserTestCase" classname="com.niit.test.UserDetailTestCase" time="0.432">
    <error message="org.hibernate.exception.ConstraintViolationException: could not execute statement" type="javax.persistence.PersistenceException">javax.persistence.PersistenceException: org.hibernate.exception.ConstraintViolationException: could not execute statement
	at com.niit.test.UserDetailTestCase.registerUserTestCase(UserDetailTestCase.java:42)
Caused by: org.hibernate.exception.ConstraintViolationException: could not execute statement
	at com.niit.test.UserDetailTestCase.registerUserTestCase(UserDetailTestCase.java:42)
Caused by: org.h2.jdbc.JdbcSQLException: 
Unique index or primary key violation: "PRIMARY_KEY_9 ON PUBLIC.USERDETAIL(USERNAME) VALUES ('Anisha', 1)"; SQL statement:
insert into UserDetail (address, customerName, emailId, enabled, mobileNo, password, role, username) values (?, ?, ?, ?, ?, ?, ?, ?) [23505-197]
	at com.niit.test.UserDetailTestCase.registerUserTestCase(UserDetailTestCase.java:42)
</error>
    <system-out><![CDATA[---DataSource Object is Created----
---SessionFactory Object  Created ----
---Transaction Manager object Created--
]]></system-out>
    <system-err><![CDATA[Dec 12, 2018 12:40:01 PM org.springframework.context.annotation.AnnotationConfigApplicationContext prepareRefresh
INFO: Refreshing org.springframework.context.annotation.AnnotationConfigApplicationContext@12ffd1de: startup date [Wed Dec 12 12:40:01 NPT 2018]; root of context hierarchy
Dec 12, 2018 12:40:01 PM org.springframework.jdbc.datasource.DriverManagerDataSource setDriverClassName
INFO: Loaded JDBC driver: org.h2.Driver
Dec 12, 2018 12:40:01 PM org.hibernate.dialect.Dialect <init>
INFO: HHH000400: Using dialect: org.hibernate.dialect.H2Dialect
Dec 12, 2018 12:40:01 PM org.springframework.orm.hibernate5.HibernateTransactionManager afterPropertiesSet
INFO: Using DataSource [org.springframework.jdbc.datasource.DriverManagerDataSource@4422dd48] of Hibernate SessionFactory for HibernateTransactionManager
Dec 12, 2018 12:40:02 PM org.hibernate.engine.jdbc.spi.SqlExceptionHelper logExceptions
WARN: SQL Error: 23505, SQLState: 23505
Dec 12, 2018 12:40:02 PM org.hibernate.engine.jdbc.spi.SqlExceptionHelper logExceptions
ERROR: Unique index or primary key violation: "PRIMARY_KEY_9 ON PUBLIC.USERDETAIL(USERNAME) VALUES ('Anisha', 1)"; SQL statement:
insert into UserDetail (address, customerName, emailId, enabled, mobileNo, password, role, username) values (?, ?, ?, ?, ?, ?, ?, ?) [23505-197]
Dec 12, 2018 12:40:02 PM org.hibernate.internal.ExceptionMapperStandardImpl mapManagedFlushFailure
ERROR: HHH000346: Error during managed flush [org.hibernate.exception.ConstraintViolationException: could not execute statement]
]]></system-err>
  </testcase>
</testsuite>